<?xml version="1.0" encoding="UTF-8"?>
<testsuite xmlns:xsi="http://www.w3.org/2001/XMLSchema-instance" xsi:noNamespaceSchemaLocation="https://maven.apache.org/surefire/maven-surefire-plugin/xsd/surefire-test-report.xsd" version="3.0.2" name="gc.unir.actividad2.server_eureka.ServerEurekaApplicationTests" time="4.334" tests="1" errors="0" skipped="0" failures="0">
  <properties>
[...]
</properties>
  <testcase name="contextLoads" classname="gc.unir.actividad2.server_eureka.ServerEurekaApplicationTests" time="0.544">
    <system-out><![CDATA[Standard Commons Logging discovery in action with spring-jcl: please remove commons-logging.jar from classpath in order to avoid potential conflicts
17:21:54.465 [main] INFO org.springframework.test.context.support.AnnotationConfigContextLoaderUtils -- Could not detect default configuration classes for test class [gc.unir.actividad2.server_eureka.ServerEurekaApplicationTests]: ServerEurekaApplicationTests does not declare any static, non-private, non-final, nested classes annotated with @Configuration.
17:21:54.575 [main] INFO org.springframework.boot.test.context.SpringBootTestContextBootstrapper -- Found @SpringBootConfiguration gc.unir.actividad2.server_eureka.ServerEurekaApplication for test class gc.unir.actividad2.server_eureka.ServerEurekaApplicationTests

  .   ____          _            __ _ _
 /\\ / ___'_ __ _ _(_)_ __  __ _ \ \ \ \
( ( )\___ | '_ | '_| | '_ \/ _` | \ \ \ \
 \\/  ___)| |_)| | | | | || (_| |  ) ) ) )
  '  |____| .__|_| |_|_| |_\__, | / / / /
 =========|_|==============|___/=/_/_/_/

 :: Spring Boot ::                (v3.4.2)

2025-02-25T17:21:55.173-06:00  INFO 1340 --- [server_eureka] [           main] g.u.a.s.ServerEurekaApplicationTests     : Starting ServerEurekaApplicationTests using Java 18.0.2.1 with PID 1340 (started by Gaby in D:\personal\maestria\1erSemestre\DesarrolloWebIntegral\Actividades\actividad2\despliegue\server_eureka)
2025-02-25T17:21:55.173-06:00  INFO 1340 --- [server_eureka] [           main] g.u.a.s.ServerEurekaApplicationTests     : No active profile set, falling back to 1 default profile: "default"
2025-02-25T17:21:56.159-06:00  INFO 1340 --- [server_eureka] [           main] o.s.cloud.context.scope.GenericScope     : BeanFactory id=3a924a07-8efc-3269-bb1a-7d824deeff63
2025-02-25T17:21:56.550-06:00  INFO 1340 --- [server_eureka] [           main] o.s.v.b.OptionalValidatorFactoryBean     : Failed to set up a Bean Validation provider: jakarta.validation.NoProviderFoundException: Unable to create a Configuration, because no Jakarta Bean Validation provider could be found. Add a provider like Hibernate Validator (RI) to your classpath.
2025-02-25T17:21:57.397-06:00  WARN 1340 --- [server_eureka] [           main] iguration$LoadBalancerCaffeineWarnLogger : Spring Cloud LoadBalancer is currently working with the default cache. While this cache implementation is useful for development and tests, it's recommended to use Caffeine cache in production.You can switch to using Caffeine cache, by adding it and org.springframework.cache.caffeine.CaffeineCacheManager to the classpath.
2025-02-25T17:21:57.617-06:00  INFO 1340 --- [server_eureka] [           main] o.s.c.n.eureka.InstanceInfoFactory       : Setting initial instance status as: STARTING
2025-02-25T17:21:57.632-06:00  INFO 1340 --- [server_eureka] [           main] com.netflix.discovery.DiscoveryClient    : Initializing Eureka in region us-east-1
2025-02-25T17:21:57.632-06:00  INFO 1340 --- [server_eureka] [           main] com.netflix.discovery.DiscoveryClient    : Client configured to neither register nor query for data.
2025-02-25T17:21:57.632-06:00  INFO 1340 --- [server_eureka] [           main] com.netflix.discovery.DiscoveryClient    : Discovery Client initialized at timestamp 1740525717632 with initial instances count: 0
2025-02-25T17:21:57.679-06:00  INFO 1340 --- [server_eureka] [           main] c.n.eureka.DefaultEurekaServerContext    : Initializing ...
2025-02-25T17:21:57.679-06:00  INFO 1340 --- [server_eureka] [           main] c.n.eureka.cluster.PeerEurekaNodes       : Adding new peer nodes [http://localhost:8761/eureka/]
2025-02-25T17:21:57.820-06:00  INFO 1340 --- [server_eureka] [           main] c.n.d.provider.DiscoveryJerseyProvider   : Using JSON encoding codec LegacyJacksonJson
2025-02-25T17:21:57.820-06:00  INFO 1340 --- [server_eureka] [           main] c.n.d.provider.DiscoveryJerseyProvider   : Using JSON decoding codec LegacyJacksonJson
2025-02-25T17:21:57.820-06:00  INFO 1340 --- [server_eureka] [           main] c.n.d.provider.DiscoveryJerseyProvider   : Using XML encoding codec XStreamXml
2025-02-25T17:21:57.820-06:00  INFO 1340 --- [server_eureka] [           main] c.n.d.provider.DiscoveryJerseyProvider   : Using XML decoding codec XStreamXml
2025-02-25T17:21:57.883-06:00  INFO 1340 --- [server_eureka] [           main] c.n.eureka.cluster.PeerEurekaNodes       : Replica node URL:  http://localhost:8761/eureka/
2025-02-25T17:21:57.892-06:00  INFO 1340 --- [server_eureka] [           main] c.n.e.registry.AbstractInstanceRegistry  : Finished initializing remote region registries. All known remote regions: []
2025-02-25T17:21:57.892-06:00  INFO 1340 --- [server_eureka] [           main] c.n.eureka.DefaultEurekaServerContext    : Initialized
2025-02-25T17:21:57.973-06:00  INFO 1340 --- [server_eureka] [           main] o.s.b.a.e.web.EndpointLinksResolver      : Exposing 1 endpoint beneath base path '/actuator'
2025-02-25T17:21:58.024-06:00  INFO 1340 --- [server_eureka] [           main] o.s.c.n.e.s.EurekaServiceRegistry        : Registering application SERVER_EUREKA with eureka with status UP
2025-02-25T17:21:58.038-06:00  INFO 1340 --- [server_eureka] [      Thread-10] o.s.c.n.e.server.EurekaServerBootstrap   : isAws returned false
2025-02-25T17:21:58.039-06:00  INFO 1340 --- [server_eureka] [      Thread-10] o.s.c.n.e.server.EurekaServerBootstrap   : Initialized server context
2025-02-25T17:21:58.039-06:00  INFO 1340 --- [server_eureka] [      Thread-10] c.n.e.r.PeerAwareInstanceRegistryImpl    : Got 1 instances from neighboring DS node
2025-02-25T17:21:58.039-06:00  INFO 1340 --- [server_eureka] [      Thread-10] c.n.e.r.PeerAwareInstanceRegistryImpl    : Renew threshold is: 1
2025-02-25T17:21:58.039-06:00  INFO 1340 --- [server_eureka] [      Thread-10] c.n.e.r.PeerAwareInstanceRegistryImpl    : Changing status to UP
2025-02-25T17:21:58.040-06:00  INFO 1340 --- [server_eureka] [           main] g.u.a.s.ServerEurekaApplicationTests     : Started ServerEurekaApplicationTests in 3.215 seconds (process running for 4.205)
2025-02-25T17:21:58.042-06:00  INFO 1340 --- [server_eureka] [      Thread-10] e.s.EurekaServerInitializerConfiguration : Started Eureka Server
]]></system-out>
  </testcase>
</testsuite>